2025-07-31 12:38:08,725 - INFO - Autostart shortcut created at: C:\Users\shivakumar.gundra\AppData\Roaming\Microsoft\Windows\Start Menu\Programs\Startup\AIWorkTracker.lnk
2025-07-31 12:43:58,133 - INFO - --- AIWorkTracker Started ---
2025-07-31 12:43:58,141 - INFO - Tracker is running...
2025-07-31 12:43:58,141 - INFO - WorkTracker background thread started.
2025-07-31 12:43:58,147 - INFO - Login time recorded: 2025-07-31 12:43:58
2025-07-31 12:43:58,148 - INFO - Starting tray icon.
2025-07-31 12:44:58,142 - INFO - Tracker is running...
2025-07-31 12:45:58,143 - INFO - Tracker is running...
2025-07-31 12:46:58,144 - INFO - Tracker is running...
2025-07-31 12:47:58,144 - INFO - Tracker is running...
2025-07-31 12:48:58,145 - INFO - Tracker is running...
2025-07-31 12:49:58,146 - INFO - Tracker is running...
2025-07-31 12:50:58,147 - INFO - Tracker is running...
2025-07-31 12:51:58,149 - INFO - Tracker is running...
2025-07-31 12:52:58,151 - INFO - Tracker is running...
2025-07-31 12:53:58,152 - INFO - Tracker is running...
2025-07-31 12:54:58,154 - INFO - Tracker is running...
2025-07-31 12:55:58,154 - INFO - Tracker is running...
2025-07-31 12:56:58,155 - INFO - Tracker is running...
2025-07-31 12:57:58,156 - INFO - Tracker is running...
2025-07-31 12:58:58,157 - INFO - Tracker is running...
2025-07-31 12:59:58,158 - INFO - Tracker is running...
2025-07-31 13:00:58,158 - INFO - Tracker is running...
2025-07-31 13:01:58,159 - INFO - Tracker is running...
2025-07-31 13:02:58,160 - INFO - Tracker is running...
2025-07-31 13:03:58,161 - INFO - Tracker is running...
2025-07-31 13:04:58,161 - INFO - Tracker is running...
2025-07-31 13:05:58,162 - INFO - Tracker is running...
2025-07-31 13:06:58,163 - INFO - Tracker is running...
2025-07-31 13:07:58,164 - INFO - Tracker is running...
2025-07-31 13:08:58,164 - INFO - Tracker is running...
2025-07-31 13:15:13,741 - INFO - Tracker is running...
2025-07-31 13:16:13,742 - INFO - Tracker is running...
2025-07-31 13:17:13,743 - INFO - Tracker is running...
2025-07-31 13:18:13,744 - INFO - Tracker is running...
2025-07-31 13:19:13,745 - INFO - Tracker is running...
2025-07-31 13:20:13,746 - INFO - Tracker is running...
2025-07-31 13:39:20,722 - INFO - Tracker is running...
2025-07-31 14:22:30,147 - INFO - Tracker is running...
2025-07-31 14:23:30,147 - INFO - Tracker is running...
2025-07-31 14:24:30,148 - INFO - Tracker is running...
2025-07-31 14:25:30,149 - INFO - Tracker is running...
2025-07-31 14:26:30,150 - INFO - Tracker is running...
2025-07-31 14:27:30,150 - INFO - Tracker is running...
2025-07-31 14:28:30,151 - INFO - Tracker is running...
2025-07-31 14:29:30,163 - INFO - Tracker is running...
2025-07-31 14:30:30,164 - INFO - Tracker is running...
2025-07-31 14:31:30,165 - INFO - Tracker is running...
